[DEBUG] 2023-11-30 20:18:30.308 [main] Employee_Test - Employee_API_Test Started
[INFO ] 2023-11-30 20:18:30.331 [main] Employee_Test - Employee_API_Create_employee_Test Started...
[INFO ] 2023-11-30 20:18:34.479 [main] Employee_Test - Employee_API_Create_employee_Test Assertion passed...
[INFO ] 2023-11-30 20:18:35.423 [main] Employee_Test - Employee_API_Create_employee_Test Ended...
[INFO ] 2023-11-30 20:18:35.448 [main] Employee_Test - Employee_API_Get_employee_Test Started...
[INFO ] 2023-11-30 20:18:37.018 [main] Employee_Test - Employee_API_Get_employee_Test Started...
[INFO ] 2023-11-30 20:18:37.022 [main] Employee_Test - Employee_API_Update_employee_Test Started...
[INFO ] 2023-11-30 20:18:38.457 [main] Employee_Test - Employee_API_Update_employee_Test Started...
[INFO ] 2023-11-30 20:18:38.463 [main] Employee_Test - Employee_API_Delete_employee_Test Started...
[INFO ] 2023-11-30 20:18:40.064 [main] Employee_Test - Employee_API_Delete_employee_Test Started...
[DEBUG] 2023-11-30 20:18:40.157 [main] Booking_Test - Booking_API_Test Started...
[INFO ] 2023-11-30 20:18:40.169 [main] Booking_Test - Booking API Create User Test Started....
[INFO ] 2023-11-30 20:18:42.139 [main] Booking_Test - Booking API Create User Test status Assertion passed....
[INFO ] 2023-11-30 20:18:42.160 [main] Booking_Test - Booking API Create User Test Ended....
[INFO ] 2023-11-30 20:18:42.171 [main] Booking_Test - Booking API Get User Test Started....
[INFO ] 2023-11-30 20:18:43.609 [main] Booking_Test - Booking API Get User Test Assertion passed....
[INFO ] 2023-11-30 20:18:43.946 [main] Booking_Test - Booking API Create User Test Ended....
[INFO ] 2023-11-30 20:18:43.951 [main] Booking_Test - Booking API Update User Test Started....
[INFO ] 2023-11-30 20:18:46.950 [main] Booking_Test - Booking API Update User Test Ended....
[INFO ] 2023-11-30 20:18:46.954 [main] Booking_Test - Booking API Delete User Test Started....
[INFO ] 2023-11-30 20:18:50.010 [main] Booking_Test - Booking API Create User Test ended....
[DEBUG] 2023-11-30 20:21:14.020 [main] Employee_Test - Employee_API_Test Started
[INFO ] 2023-11-30 20:21:14.046 [main] Employee_Test - Employee_API_Create_employee_Test Started...
[INFO ] 2023-11-30 20:21:18.297 [main] Employee_Test - Employee_API_Create_employee_Test Assertion passed...
[INFO ] 2023-11-30 20:21:19.247 [main] Employee_Test - Employee_API_Create_employee_Test Ended...
[INFO ] 2023-11-30 20:21:19.277 [main] Employee_Test - Employee_API_Get_employee_Test Started...
[INFO ] 2023-11-30 20:21:20.939 [main] Employee_Test - Employee_API_Get_employee_Test Started...
[INFO ] 2023-11-30 20:21:20.943 [main] Employee_Test - Employee_API_Update_employee_Test Started...
[INFO ] 2023-11-30 20:21:22.623 [main] Employee_Test - Employee_API_Update_employee_Test Started...
[INFO ] 2023-11-30 20:21:22.629 [main] Employee_Test - Employee_API_Delete_employee_Test Started...
[INFO ] 2023-11-30 20:21:24.538 [main] Employee_Test - Employee_API_Delete_employee_Test Started...
[DEBUG] 2023-11-30 20:21:25.096 [main] Booking_Test - Booking_API_Test Started...
[INFO ] 2023-11-30 20:21:25.102 [main] Booking_Test - Booking API Create User Test Started....
[INFO ] 2023-11-30 20:21:26.911 [main] Booking_Test - Booking API Create User Test status Assertion passed....
[INFO ] 2023-11-30 20:21:26.930 [main] Booking_Test - Booking API Create User Test Ended....
[INFO ] 2023-11-30 20:21:26.939 [main] Booking_Test - Booking API Get User Test Started....
[INFO ] 2023-11-30 20:21:28.376 [main] Booking_Test - Booking API Get User Test Assertion passed....
[INFO ] 2023-11-30 20:21:28.706 [main] Booking_Test - Booking API Create User Test Ended....
[INFO ] 2023-11-30 20:21:28.720 [main] Booking_Test - Booking API Update User Test Started....
[INFO ] 2023-11-30 20:21:31.704 [main] Booking_Test - Booking API Update User Test Ended....
[INFO ] 2023-11-30 20:21:31.708 [main] Booking_Test - Booking API Delete User Test Started....
[INFO ] 2023-11-30 20:21:34.658 [main] Booking_Test - Booking API Create User Test ended....
[DEBUG] 2023-11-30 20:45:23.566 [main] Employee_Test - Employee_API_Test Started
[INFO ] 2023-11-30 20:45:23.583 [main] Employee_Test - Employee_API_Create_employee_Test Started...
[INFO ] 2023-11-30 20:45:27.489 [main] Employee_Test - Employee_API_Create_employee_Test Assertion passed...
[INFO ] 2023-11-30 20:45:28.299 [main] Employee_Test - Employee_API_Create_employee_Test Ended...
[INFO ] 2023-11-30 20:45:28.331 [main] Employee_Test - Employee_API_Get_employee_Test Started...
[INFO ] 2023-11-30 20:45:30.312 [main] Employee_Test - Employee_API_Get_employee_Test Started...
[INFO ] 2023-11-30 20:45:30.314 [main] Employee_Test - Employee_API_Update_employee_Test Started...
[INFO ] 2023-11-30 20:45:32.235 [main] Employee_Test - Employee_API_Update_employee_Test Started...
[INFO ] 2023-11-30 20:45:32.237 [main] Employee_Test - Employee_API_Delete_employee_Test Started...
[INFO ] 2023-11-30 20:45:33.834 [main] Employee_Test - Employee_API_Delete_employee_Test Started...
[DEBUG] 2023-11-30 20:45:34.361 [main] Booking_Test - Booking_API_Test Started...
[INFO ] 2023-11-30 20:45:34.363 [main] Booking_Test - Booking API Create User Test Started....
[INFO ] 2023-11-30 20:45:36.239 [main] Booking_Test - Booking API Create User Test status Assertion passed....
[INFO ] 2023-11-30 20:45:36.255 [main] Booking_Test - Booking API Create User Test Ended....
[INFO ] 2023-11-30 20:45:36.259 [main] Booking_Test - Booking API Get User Test Started....
[INFO ] 2023-11-30 20:45:37.696 [main] Booking_Test - Booking API Get User Test Assertion passed....
[INFO ] 2023-11-30 20:45:38.148 [main] Booking_Test - Booking API Create User Test Ended....
[INFO ] 2023-11-30 20:45:38.151 [main] Booking_Test - Booking API Update User Test Started....
[INFO ] 2023-11-30 20:45:41.034 [main] Booking_Test - Booking API Update User Test Ended....
[INFO ] 2023-11-30 20:45:41.035 [main] Booking_Test - Booking API Delete User Test Started....
[INFO ] 2023-11-30 20:45:44.080 [main] Booking_Test - Booking API Create User Test ended....
[DEBUG] 2023-11-30 20:46:05.515 [main] Employee_Test - Employee_API_Test Started
[INFO ] 2023-11-30 20:46:05.534 [main] Employee_Test - Employee_API_Create_employee_Test Started...
[INFO ] 2023-11-30 20:46:09.486 [main] Employee_Test - Employee_API_Create_employee_Test Assertion passed...
[INFO ] 2023-11-30 20:46:09.510 [main] Employee_Test - Employee_API_Get_employee_Test Started...
[INFO ] 2023-11-30 20:46:11.027 [main] Employee_Test - Employee_API_Get_employee_Test Started...
[INFO ] 2023-11-30 20:46:11.032 [main] Employee_Test - Employee_API_Update_employee_Test Started...
[INFO ] 2023-11-30 20:46:12.371 [main] Employee_Test - Employee_API_Update_employee_Test Started...
[INFO ] 2023-11-30 20:46:12.373 [main] Employee_Test - Employee_API_Delete_employee_Test Started...
[INFO ] 2023-11-30 20:46:13.751 [main] Employee_Test - Employee_API_Delete_employee_Test Started...
[DEBUG] 2023-11-30 20:46:14.292 [main] Booking_Test - Booking_API_Test Started...
[INFO ] 2023-11-30 20:46:14.293 [main] Booking_Test - Booking API Create User Test Started....
[INFO ] 2023-11-30 20:46:16.347 [main] Booking_Test - Booking API Create User Test status Assertion passed....
[INFO ] 2023-11-30 20:46:17.242 [main] Booking_Test - Booking API Create User Test Ended....
[INFO ] 2023-11-30 20:46:17.244 [main] Booking_Test - Booking API Get User Test Started....
[INFO ] 2023-11-30 20:46:18.936 [main] Booking_Test - Booking API Get User Test Assertion passed....
[INFO ] 2023-11-30 20:46:19.271 [main] Booking_Test - Booking API Create User Test Ended....
[INFO ] 2023-11-30 20:46:19.274 [main] Booking_Test - Booking API Update User Test Started....
[INFO ] 2023-11-30 20:46:22.562 [main] Booking_Test - Booking API Update User Test Ended....
[INFO ] 2023-11-30 20:46:22.564 [main] Booking_Test - Booking API Delete User Test Started....
[INFO ] 2023-11-30 20:46:25.671 [main] Booking_Test - Booking API Create User Test ended....
[DEBUG] 2023-11-30 20:46:49.741 [main] Employee_Test - Employee_API_Test Started
[INFO ] 2023-11-30 20:46:49.758 [main] Employee_Test - Employee_API_Create_employee_Test Started...
[INFO ] 2023-11-30 20:46:53.521 [main] Employee_Test - Employee_API_Create_employee_Test Assertion passed...
[INFO ] 2023-11-30 20:46:54.401 [main] Employee_Test - Employee_API_Create_employee_Test Ended...
[INFO ] 2023-11-30 20:46:54.426 [main] Employee_Test - Employee_API_Get_employee_Test Started...
[INFO ] 2023-11-30 20:46:56.393 [main] Employee_Test - Employee_API_Get_employee_Test Started...
[INFO ] 2023-11-30 20:46:56.395 [main] Employee_Test - Employee_API_Update_employee_Test Started...
[INFO ] 2023-11-30 20:46:58.162 [main] Employee_Test - Employee_API_Update_employee_Test Started...
[INFO ] 2023-11-30 20:46:58.167 [main] Employee_Test - Employee_API_Delete_employee_Test Started...
[INFO ] 2023-11-30 20:46:59.593 [main] Employee_Test - Employee_API_Delete_employee_Test Started...
[DEBUG] 2023-11-30 20:47:00.228 [main] Booking_Test - Booking_API_Test Started...
[INFO ] 2023-11-30 20:47:00.229 [main] Booking_Test - Booking API Create User Test Started....
[INFO ] 2023-11-30 20:47:02.160 [main] Booking_Test - Booking API Create User Test status Assertion passed....
[INFO ] 2023-11-30 20:47:02.178 [main] Booking_Test - Booking API Create User Test Ended....
[INFO ] 2023-11-30 20:47:02.179 [main] Booking_Test - Booking API Get User Test Started....
[INFO ] 2023-11-30 20:47:03.655 [main] Booking_Test - Booking API Get User Test Assertion passed....
[INFO ] 2023-11-30 20:47:04.054 [main] Booking_Test - Booking API Create User Test Ended....
[INFO ] 2023-11-30 20:47:04.059 [main] Booking_Test - Booking API Update User Test Started....
[INFO ] 2023-11-30 20:47:07.155 [main] Booking_Test - Booking API Update User Test Ended....
[INFO ] 2023-11-30 20:47:07.156 [main] Booking_Test - Booking API Delete User Test Started....
[INFO ] 2023-11-30 20:47:10.115 [main] Booking_Test - Booking API Create User Test ended....
[DEBUG] 2023-11-30 20:54:51.766 [main] Employee_Test - Employee_API_Test Started
[INFO ] 2023-11-30 20:54:51.790 [main] Employee_Test - Employee_API_Create_employee_Test Started...
[INFO ] 2023-11-30 20:54:56.778 [main] Employee_Test - Employee_API_Create_employee_Test Assertion passed...
[INFO ] 2023-11-30 20:54:57.875 [main] Employee_Test - Employee_API_Create_employee_Test Ended...
[INFO ] 2023-11-30 20:54:57.907 [main] Employee_Test - Employee_API_Get_employee_Test Started...
[INFO ] 2023-11-30 20:54:59.608 [main] Employee_Test - Employee_API_Get_employee_Test Started...
[INFO ] 2023-11-30 20:54:59.608 [main] Employee_Test - Employee_API_Update_employee_Test Started...
[INFO ] 2023-11-30 20:55:01.460 [main] Employee_Test - Employee_API_Update_employee_Test Started...
[INFO ] 2023-11-30 20:55:01.469 [main] Employee_Test - Employee_API_Delete_employee_Test Started...
[INFO ] 2023-11-30 20:55:02.891 [main] Employee_Test - Employee_API_Delete_employee_Test Started...
[DEBUG] 2023-11-30 20:55:03.667 [main] Booking_Test - Booking_API_Test Started...
[INFO ] 2023-11-30 20:55:03.667 [main] Booking_Test - Booking API Create User Test Started....
[INFO ] 2023-11-30 20:55:05.967 [main] Booking_Test - Booking API Create User Test status Assertion passed....
[INFO ] 2023-11-30 20:55:06.041 [main] Booking_Test - Booking API Create User Test Ended....
[INFO ] 2023-11-30 20:55:06.041 [main] Booking_Test - Booking API Get User Test Started....
[INFO ] 2023-11-30 20:55:07.804 [main] Booking_Test - Booking API Get User Test Assertion passed....
[INFO ] 2023-11-30 20:55:08.416 [main] Booking_Test - Booking API Create User Test Ended....
[INFO ] 2023-11-30 20:55:08.416 [main] Booking_Test - Booking API Update User Test Started....
[INFO ] 2023-11-30 20:55:13.228 [main] Booking_Test - Booking API Update User Test Ended....
[INFO ] 2023-11-30 20:55:13.228 [main] Booking_Test - Booking API Delete User Test Started....
[INFO ] 2023-11-30 20:55:18.140 [main] Booking_Test - Booking API Create User Test ended....
[DEBUG] 2023-11-30 20:55:34.827 [main] Employee_Test - Employee_API_Test Started
[INFO ] 2023-11-30 20:55:34.856 [main] Employee_Test - Employee_API_Create_employee_Test Started...
[INFO ] 2023-11-30 20:55:39.440 [main] Employee_Test - Employee_API_Create_employee_Test Assertion passed...
[INFO ] 2023-11-30 20:55:39.510 [main] Employee_Test - Employee_API_Get_employee_Test Started...
[INFO ] 2023-11-30 20:55:41.568 [main] Employee_Test - Employee_API_Get_employee_Test Started...
[INFO ] 2023-11-30 20:55:41.574 [main] Employee_Test - Employee_API_Update_employee_Test Started...
[INFO ] 2023-11-30 20:55:43.488 [main] Employee_Test - Employee_API_Update_employee_Test Started...
[INFO ] 2023-11-30 20:55:43.488 [main] Employee_Test - Employee_API_Delete_employee_Test Started...
[INFO ] 2023-11-30 20:55:45.277 [main] Employee_Test - Employee_API_Delete_employee_Test Started...
[DEBUG] 2023-11-30 20:55:46.085 [main] Booking_Test - Booking_API_Test Started...
[INFO ] 2023-11-30 20:55:46.085 [main] Booking_Test - Booking API Create User Test Started....
[INFO ] 2023-11-30 20:55:49.605 [main] Booking_Test - Booking API Create User Test status Assertion passed....
[INFO ] 2023-11-30 20:55:50.655 [main] Booking_Test - Booking API Create User Test Ended....
[INFO ] 2023-11-30 20:55:50.655 [main] Booking_Test - Booking API Get User Test Started....
[INFO ] 2023-11-30 20:55:53.270 [main] Booking_Test - Booking API Get User Test Assertion passed....
[INFO ] 2023-11-30 20:55:53.959 [main] Booking_Test - Booking API Create User Test Ended....
[INFO ] 2023-11-30 20:55:53.959 [main] Booking_Test - Booking API Update User Test Started....
[INFO ] 2023-11-30 20:55:59.406 [main] Booking_Test - Booking API Update User Test Ended....
[INFO ] 2023-11-30 20:55:59.406 [main] Booking_Test - Booking API Delete User Test Started....
[INFO ] 2023-11-30 20:56:04.428 [main] Booking_Test - Booking API Create User Test ended....
[DEBUG] 2023-11-30 20:56:32.138 [main] Employee_Test - Employee_API_Test Started
[INFO ] 2023-11-30 20:56:32.177 [main] Employee_Test - Employee_API_Create_employee_Test Started...
[INFO ] 2023-11-30 20:56:36.698 [main] Employee_Test - Employee_API_Create_employee_Test Assertion passed...
[INFO ] 2023-11-30 20:56:37.853 [main] Employee_Test - Employee_API_Create_employee_Test Ended...
[INFO ] 2023-11-30 20:56:37.878 [main] Employee_Test - Employee_API_Get_employee_Test Started...
[INFO ] 2023-11-30 20:56:39.757 [main] Employee_Test - Employee_API_Get_employee_Test Started...
[INFO ] 2023-11-30 20:56:39.757 [main] Employee_Test - Employee_API_Update_employee_Test Started...
[INFO ] 2023-11-30 20:56:41.425 [main] Employee_Test - Employee_API_Update_employee_Test Started...
[INFO ] 2023-11-30 20:56:41.434 [main] Employee_Test - Employee_API_Delete_employee_Test Started...
[INFO ] 2023-11-30 20:56:43.245 [main] Employee_Test - Employee_API_Delete_employee_Test Started...
[DEBUG] 2023-11-30 20:56:43.961 [main] Booking_Test - Booking_API_Test Started...
[INFO ] 2023-11-30 20:56:43.962 [main] Booking_Test - Booking API Create User Test Started....
[INFO ] 2023-11-30 20:56:46.734 [main] Booking_Test - Booking API Create User Test status Assertion passed....
[INFO ] 2023-11-30 20:56:46.767 [main] Booking_Test - Booking API Create User Test Ended....
[INFO ] 2023-11-30 20:56:46.783 [main] Booking_Test - Booking API Get User Test Started....
[INFO ] 2023-11-30 20:56:48.905 [main] Booking_Test - Booking API Get User Test Assertion passed....
[INFO ] 2023-11-30 20:56:49.542 [main] Booking_Test - Booking API Create User Test Ended....
[INFO ] 2023-11-30 20:56:49.551 [main] Booking_Test - Booking API Update User Test Started....
[INFO ] 2023-11-30 20:56:54.395 [main] Booking_Test - Booking API Update User Test Ended....
[INFO ] 2023-11-30 20:56:54.407 [main] Booking_Test - Booking API Delete User Test Started....
[INFO ] 2023-11-30 20:57:00.033 [main] Booking_Test - Booking API Create User Test ended....
[DEBUG] 2023-11-30 20:57:27.681 [main] Employee_Test - Employee_API_Test Started
[INFO ] 2023-11-30 20:57:27.706 [main] Employee_Test - Employee_API_Create_employee_Test Started...
[INFO ] 2023-11-30 20:57:32.815 [main] Employee_Test - Employee_API_Create_employee_Test Assertion passed...
[INFO ] 2023-11-30 20:57:32.885 [main] Employee_Test - Employee_API_Get_employee_Test Started...
[INFO ] 2023-11-30 20:57:34.995 [main] Employee_Test - Employee_API_Get_employee_Test Started...
[INFO ] 2023-11-30 20:57:34.995 [main] Employee_Test - Employee_API_Update_employee_Test Started...
[INFO ] 2023-11-30 20:57:37.255 [main] Employee_Test - Employee_API_Update_employee_Test Started...
[INFO ] 2023-11-30 20:57:37.255 [main] Employee_Test - Employee_API_Delete_employee_Test Started...
[INFO ] 2023-11-30 20:57:39.557 [main] Employee_Test - Employee_API_Delete_employee_Test Started...
[DEBUG] 2023-11-30 20:57:40.310 [main] Booking_Test - Booking_API_Test Started...
[INFO ] 2023-11-30 20:57:40.310 [main] Booking_Test - Booking API Create User Test Started....
[INFO ] 2023-11-30 20:57:42.866 [main] Booking_Test - Booking API Create User Test status Assertion passed....
[INFO ] 2023-11-30 20:57:43.934 [main] Booking_Test - Booking API Create User Test Ended....
[INFO ] 2023-11-30 20:57:43.950 [main] Booking_Test - Booking API Get User Test Started....
[INFO ] 2023-11-30 20:57:46.001 [main] Booking_Test - Booking API Get User Test Assertion passed....
[INFO ] 2023-11-30 20:57:46.754 [main] Booking_Test - Booking API Create User Test Ended....
[INFO ] 2023-11-30 20:57:46.754 [main] Booking_Test - Booking API Update User Test Started....
[INFO ] 2023-11-30 20:57:52.150 [main] Booking_Test - Booking API Update User Test Ended....
[INFO ] 2023-11-30 20:57:52.150 [main] Booking_Test - Booking API Delete User Test Started....
[INFO ] 2023-11-30 20:57:56.044 [main] Booking_Test - Booking API Create User Test ended....
[DEBUG] 2023-11-30 20:58:33.481 [main] Employee_Test - Employee_API_Test Started
[INFO ] 2023-11-30 20:58:33.525 [main] Employee_Test - Employee_API_Create_employee_Test Started...
[INFO ] 2023-11-30 20:58:37.687 [main] Employee_Test - Employee_API_Create_employee_Test Assertion passed...
[INFO ] 2023-11-30 20:58:38.834 [main] Employee_Test - Employee_API_Create_employee_Test Ended...
[INFO ] 2023-11-30 20:58:38.861 [main] Employee_Test - Employee_API_Get_employee_Test Started...
[INFO ] 2023-11-30 20:58:40.816 [main] Employee_Test - Employee_API_Get_employee_Test Started...
[INFO ] 2023-11-30 20:58:40.816 [main] Employee_Test - Employee_API_Update_employee_Test Started...
[INFO ] 2023-11-30 20:58:42.574 [main] Employee_Test - Employee_API_Update_employee_Test Started...
[INFO ] 2023-11-30 20:58:42.587 [main] Employee_Test - Employee_API_Delete_employee_Test Started...
[INFO ] 2023-11-30 20:58:44.174 [main] Employee_Test - Employee_API_Delete_employee_Test Started...
[DEBUG] 2023-11-30 20:58:45.043 [main] Booking_Test - Booking_API_Test Started...
[INFO ] 2023-11-30 20:58:45.043 [main] Booking_Test - Booking API Create User Test Started....
[INFO ] 2023-11-30 20:58:49.299 [main] Booking_Test - Booking API Create User Test status Assertion passed....
[INFO ] 2023-11-30 20:58:49.348 [main] Booking_Test - Booking API Create User Test Ended....
[INFO ] 2023-11-30 20:58:49.348 [main] Booking_Test - Booking API Get User Test Started....
[INFO ] 2023-11-30 20:58:51.408 [main] Booking_Test - Booking API Get User Test Assertion passed....
[INFO ] 2023-11-30 20:58:52.036 [main] Booking_Test - Booking API Create User Test Ended....
[INFO ] 2023-11-30 20:58:52.036 [main] Booking_Test - Booking API Update User Test Started....
[INFO ] 2023-11-30 20:58:57.485 [main] Booking_Test - Booking API Update User Test Ended....
[INFO ] 2023-11-30 20:58:57.495 [main] Booking_Test - Booking API Delete User Test Started....
[INFO ] 2023-11-30 20:59:02.401 [main] Booking_Test - Booking API Create User Test ended....
